<?xml version="1.0" encoding="UTF-8" standalone="no" ?>
<PublicationDelivery xmlns="http://www.netex.org.uk/netex" version="ntx:1.1">

  <PublicationTimestamp>2022-01-11T16:04:26</PublicationTimestamp>

  <ParticipantRef>DK</ParticipantRef>

  <PublicationRequest>
    <RequestTimestamp>2022-01-11T16:04:26</RequestTimestamp>
    <topics>
      <NetworkFrameTopic>
        <Current/>
        <NetworkFilterByValue>
          <objectReferences>
            <TypeOfFrameRef ref="epip:EU_PI_LINE_OFFER" versionRef="1.0"/>
            <LineRef ref="DK::Line:25294::" version="1641913466"/>
          </objectReferences>
        </NetworkFilterByValue>
      </NetworkFrameTopic>
    </topics>
  </PublicationRequest>

  <dataObjects>
    <CompositeFrame id="DK::CompositeFrame_EU_PI_LINE_OFFER:AR-000087-021" version="1641913466">
      <ValidBetween>
        <FromDate>2022-01-11T00:00:00</FromDate>
        <ToDate>2022-03-30T00:00:00</ToDate>
      </ValidBetween>
      <TypeOfFrameRef ref="epip:EU_PI_LINE_OFFER" versionRef="1.0"/>
      <codespaces>
        <Codespace id="epip_data">
          <Xmlns>epd</Xmlns>
          <XmlnsUrl>http://netex-cen.eu/epip_data</XmlnsUrl>
          <Description>EPIP data</Description>
        </Codespace>
      </codespaces>
      <FrameDefaults>
        <DefaultCodespaceRef ref="epip_data"/>
        <DefaultDataSourceRef ref="epip_data:DataSource:General"/>
        <DefaultResponsibilitySetRef ref="DK::ResponsibilitySet:120::" version="1641913466"/>
        <DefaultLocale>
          <TimeZone>Europe/Berlin</TimeZone>
          <DefaultLanguage>ENGLISH-US</DefaultLanguage>
        </DefaultLocale>
        <DefaultLocationSystem>urn:ogc:def:crs:EPSG::4326</DefaultLocationSystem>
      </FrameDefaults>
      <frames>
        <TimetableFrame id="DK::TimetableFrame_EU_PI_TIMETABLE:AR-000087-021" version="1641913466">
          <TypeOfFrameRef ref="epip:EU_PI_TIMETABLE" versionRef="1.0"/>
          <prerequisites>
            <ServiceFrameRef ref="DK::ServiceFrame_EU_PI_NETWORK:AR-000087-021" versionRef="1641913466" uri="test-01-main.xml" />
            <ServiceCalendarFrameRef ref="DK::ServiceCalendarFrame_EU_PI_CALENDAR:AR-000087-021" versionRef="1641913466" uri="test-01-main.xml" />
          </prerequisites>
        </TimetableFrame>
      </frames>
    </CompositeFrame>
  </dataObjects>

</PublicationDelivery>
